{"numTotalTestSuites":149,"numPassedTestSuites":47,"numFailedTestSuites":102,"numPendingTestSuites":0,"numTotalTests":129,"numPassedTests":114,"numFailedTests":15,"numPendingTests":0,"numTodoTests":0,"snapshot":{"added":0,"failure":false,"filesAdded":0,"filesRemoved":0,"filesRemovedList":[],"filesUnmatched":0,"filesUpdated":0,"matched":0,"total":0,"unchecked":0,"uncheckedKeysByFile":[],"unmatched":0,"updated":0,"didUpdate":false},"startTime":1784657099003,"success":false,"testResults":[{"assertionResults":[],"startTime":1784657099003,"endTime":1784657099003,"status":"failed","message":"No test suite found in file C:/Users/gduff/casebrain-hub/scripts/advice-change-radar.test.ts","name":"C:/Users/gduff/casebrain-hub/scripts/advice-change-radar.test.ts"},{"assertionResults":[],"startTime":1784657099003,"endTime":1784657099003,"status":"failed","message":"No test suite found in file C:/Users/gduff/casebrain-hub/scripts/audit-log.test.ts","name":"C:/Users/gduff/casebrain-hub/scripts/audit-log.test.ts"},{"assertionResults":[],"startTime":1784657099003,"endTime":1784657099003,"status":"failed","message":"No test suite found in file C:/Users/gduff/casebrain-hub/scripts/battleboard-view-fidelity-gold.test.ts","name":"C:/Users/gduff/casebrain-hub/scripts/battleboard-view-fidelity-gold.test.ts"},{"assertionResults":[{"ancestorTitles":["criminal brief plan"],"fullName":"criminal brief plan builds a digital attribution plan from phone/source material","status":"passed","title":"builds a digital attribution plan from phone/source material","duration":76.60120000000006,"failureMessages":[],"meta":{}},{"ancestorTitles":["criminal brief plan"],"fullName":"criminal brief plan builds a custody/PACE plan without treating extracts as served facts","status":"passed","title":"builds a custody/PACE plan without treating extracts as served facts","duration":22.045399999999972,"failureMessages":[],"meta":{}}],"startTime":1784657202582,"endTime":1784657202681.0454,"status":"passed","message":"","name":"C:/Users/gduff/casebrain-hub/scripts/brief-plan.test.ts"},{"assertionResults":[],"startTime":1784657099003,"endTime":1784657099003,"status":"failed","message":"No test suite found in file C:/Users/gduff/casebrain-hub/scripts/bundle-client-safe-extract.test.ts","name":"C:/Users/gduff/casebrain-hub/scripts/bundle-client-safe-extract.test.ts"},{"assertionResults":[],"startTime":1784657099003,"endTime":1784657099003,"status":"failed","message":"No test suite found in file C:/Users/gduff/casebrain-hub/scripts/bundle-contradiction-extract.test.ts","name":"C:/Users/gduff/casebrain-hub/scripts/bundle-contradiction-extract.test.ts"},{"assertionResults":[],"startTime":1784657099003,"endTime":1784657099003,"status":"failed","message":"No test suite found in file C:/Users/gduff/casebrain-hub/scripts/bundle-multi-incident-extract.test.ts","name":"C:/Users/gduff/casebrain-hub/scripts/bundle-multi-incident-extract.test.ts"},{"assertionResults":[],"startTime":1784657099003,"endTime":1784657099003,"status":"failed","message":"No test suite found in file C:/Users/gduff/casebrain-hub/scripts/bundle-scope-extract.test.ts","name":"C:/Users/gduff/casebrain-hub/scripts/bundle-scope-extract.test.ts"},{"assertionResults":[],"startTime":1784657099003,"endTime":1784657099003,"status":"failed","message":"No test suite found in file C:/Users/gduff/casebrain-hub/scripts/bundle-sequence-extract.test.ts","name":"C:/Users/gduff/casebrain-hub/scripts/bundle-sequence-extract.test.ts"},{"assertionResults":[],"startTime":1784657099003,"endTime":1784657099003,"status":"failed","message":"No test suite found in file C:/Users/gduff/casebrain-hub/scripts/bundle-shape-regression.test.ts","name":"C:/Users/gduff/casebrain-hub/scripts/bundle-shape-regression.test.ts"},{"assertionResults":[],"startTime":1784657099003,"endTime":1784657099003,"status":"failed","message":"No test suite found in file C:/Users/gduff/casebrain-hub/scripts/bundle-strength-extract.test.ts","name":"C:/Users/gduff/casebrain-hub/scripts/bundle-strength-extract.test.ts"},{"assertionResults":[],"startTime":1784657099003,"endTime":1784657099003,"status":"failed","message":"No test suite found in file C:/Users/gduff/casebrain-hub/scripts/bundle-triangulation-extract.test.ts","name":"C:/Users/gduff/casebrain-hub/scripts/bundle-triangulation-extract.test.ts"},{"assertionResults":[],"startTime":1784657099003,"endTime":1784657099003,"status":"failed","message":"medical chase should anchor MG6C/002","name":"C:/Users/gduff/casebrain-hub/scripts/bundle-truth-ledger.test.ts"},{"assertionResults":[],"startTime":1784657099003,"endTime":1784657099003,"status":"failed","message":"No test suite found in file C:/Users/gduff/casebrain-hub/scripts/case-review-audit-events.test.ts","name":"C:/Users/gduff/casebrain-hub/scripts/case-review-audit-events.test.ts"},{"assertionResults":[],"startTime":1784657099003,"endTime":1784657099003,"status":"failed","message":"Cannot find module '../lib/criminal/case-workflow-zones'\nRequire stack:\n- C:\\Users\\gduff\\casebrain-hub\\scripts\\case-workflow-zones.test.ts","name":"C:/Users/gduff/casebrain-hub/scripts/case-workflow-zones.test.ts"},{"assertionResults":[],"startTime":1784657099003,"endTime":1784657099003,"status":"failed","message":"CCTV item converted to confirm-none","name":"C:/Users/gduff/casebrain-hub/scripts/chase-source-gate.test.ts"},{"assertionResults":[],"startTime":1784657099003,"endTime":1784657099003,"status":"failed","message":"No test suite found in file C:/Users/gduff/casebrain-hub/scripts/client-account-stress.test.ts","name":"C:/Users/gduff/casebrain-hub/scripts/client-account-stress.test.ts"},{"assertionResults":[],"startTime":1784657099003,"endTime":1784657099003,"status":"failed","message":"No test suite found in file C:/Users/gduff/casebrain-hub/scripts/client-explanation-mode.test.ts","name":"C:/Users/gduff/casebrain-hub/scripts/client-explanation-mode.test.ts"},{"assertionResults":[],"startTime":1784657099003,"endTime":1784657099003,"status":"failed","message":"No test suite found in file C:/Users/gduff/casebrain-hub/scripts/confidence-dashboard.test.ts","name":"C:/Users/gduff/casebrain-hub/scripts/confidence-dashboard.test.ts"},{"assertionResults":[{"ancestorTitles":["contradiction actions"],"fullName":"contradiction actions maps every contradiction type to court, chase, summary and client-safe actions","status":"passed","title":"maps every contradiction type to court, chase, summary and client-safe actions","duration":8.162300000000016,"failureMessages":[],"meta":{}},{"ancestorTitles":["contradiction actions"],"fullName":"contradiction actions dedupes repeated contradiction types","status":"passed","title":"dedupes repeated contradiction types","duration":1.2883999999999673,"failureMessages":[],"meta":{}}],"startTime":1784657200574,"endTime":1784657200584.2883,"status":"passed","message":"","name":"C:/Users/gduff/casebrain-hub/scripts/contradiction-actions.test.ts"},{"assertionResults":[],"startTime":1784657099003,"endTime":1784657099003,"status":"failed","message":"No test suite found in file C:/Users/gduff/casebrain-hub/scripts/corpus-playback-checks.test.ts","name":"C:/Users/gduff/casebrain-hub/scripts/corpus-playback-checks.test.ts"},{"assertionResults":[],"startTime":1784657099003,"endTime":1784657099003,"status":"failed","message":"No test suite found in file C:/Users/gduff/casebrain-hub/scripts/criminal-law-chunks-rls.test.ts","name":"C:/Users/gduff/casebrain-hub/scripts/criminal-law-chunks-rls.test.ts"},{"assertionResults":[],"startTime":1784657099003,"endTime":1784657099003,"status":"failed","message":"No test suite found in file C:/Users/gduff/casebrain-hub/scripts/criminal-workflow-flag-defaults.test.ts","name":"C:/Users/gduff/casebrain-hub/scripts/criminal-workflow-flag-defaults.test.ts"},{"assertionResults":[],"startTime":1784657099003,"endTime":1784657099003,"status":"failed","message":"No test suite found in file C:/Users/gduff/casebrain-hub/scripts/decision-board.test.ts","name":"C:/Users/gduff/casebrain-hub/scripts/decision-board.test.ts"},{"assertionResults":[],"startTime":1784657099003,"endTime":1784657099003,"status":"failed","message":"Cannot find module '@/lib/criminal/trust/bad-output-memory' imported from 'C:/Users/gduff/casebrain-hub/lib/eval/line-source-proof/audit-lines.ts'.\n\n- If you rely on tsconfig.json's \"paths\" to resolve modules, please install \"vite-tsconfig-paths\" plugin to handle module resolution.\n- Make sure you don't have relative aliases in your Vitest config. Use absolute paths instead. Read more: https://vitest.dev/guide/common-errors","name":"C:/Users/gduff/casebrain-hub/scripts/demo-audit-presentation-polish.test.ts"},{"assertionResults":[],"startTime":1784657099003,"endTime":1784657099003,"status":"failed","message":"No test suite found in file C:/Users/gduff/casebrain-hub/scripts/demo-presentation-polish.test.ts","name":"C:/Users/gduff/casebrain-hub/scripts/demo-presentation-polish.test.ts"},{"assertionResults":[],"startTime":1784657099003,"endTime":1784657099003,"status":"failed","message":"No test suite found in file C:/Users/gduff/casebrain-hub/scripts/disclosure-chase-finalize.test.ts","name":"C:/Users/gduff/casebrain-hub/scripts/disclosure-chase-finalize.test.ts"},{"assertionResults":[],"startTime":1784657099003,"endTime":1784657099003,"status":"failed","message":"No test suite found in file C:/Users/gduff/casebrain-hub/scripts/disclosure-export-builder.test.ts","name":"C:/Users/gduff/casebrain-hub/scripts/disclosure-export-builder.test.ts"},{"assertionResults":[],"startTime":1784657099003,"endTime":1784657099003,"status":"failed","message":"No test suite found in file C:/Users/gduff/casebrain-hub/scripts/display-labels.test.ts","name":"C:/Users/gduff/casebrain-hub/scripts/display-labels.test.ts"},{"assertionResults":[],"startTime":1784657099003,"endTime":1784657099003,"status":"failed","message":"No test suite found in file C:/Users/gduff/casebrain-hub/scripts/eval-pack-aa-registry.test.ts","name":"C:/Users/gduff/casebrain-hub/scripts/eval-pack-aa-registry.test.ts"},{"assertionResults":[],"startTime":1784657099003,"endTime":1784657099003,"status":"failed","message":"No test suite found in file C:/Users/gduff/casebrain-hub/scripts/eval-pack-import-preview.test.ts","name":"C:/Users/gduff/casebrain-hub/scripts/eval-pack-import-preview.test.ts"},{"assertionResults":[],"startTime":1784657099003,"endTime":1784657099003,"status":"failed","message":"No test suite found in file C:/Users/gduff/casebrain-hub/scripts/eval-pack-y-registry.test.ts","name":"C:/Users/gduff/casebrain-hub/scripts/eval-pack-y-registry.test.ts"},{"assertionResults":[],"startTime":1784657099003,"endTime":1784657099003,"status":"failed","message":"No test suite found in file C:/Users/gduff/casebrain-hub/scripts/eval-pack-z-registry.test.ts","name":"C:/Users/gduff/casebrain-hub/scripts/eval-pack-z-registry.test.ts"},{"assertionResults":[],"startTime":1784657099003,"endTime":1784657099003,"status":"failed","message":"No test suite found in file C:/Users/gduff/casebrain-hub/scripts/evidence-change-detector.test.ts","name":"C:/Users/gduff/casebrain-hub/scripts/evidence-change-detector.test.ts"},{"assertionResults":[],"startTime":1784657099003,"endTime":1784657099003,"status":"failed","message":"ENOENT: no such file or directory, open 'C:\\Users\\gduff\\casebrain-hub\\content\\casebrain-proof\\simulator-bundle-01\\truth-key.json'","name":"C:/Users/gduff/casebrain-hub/scripts/evidence-state-audit.test.ts"},{"assertionResults":[],"startTime":1784657099003,"endTime":1784657099003,"status":"failed","message":"No test suite found in file C:/Users/gduff/casebrain-hub/scripts/evidence-trace.test.ts","name":"C:/Users/gduff/casebrain-hub/scripts/evidence-trace.test.ts"},{"assertionResults":[],"startTime":1784657099003,"endTime":1784657099003,"status":"failed","message":"No test suite found in file C:/Users/gduff/casebrain-hub/scripts/expand-truth-map-rows.test.ts","name":"C:/Users/gduff/casebrain-hub/scripts/expand-truth-map-rows.test.ts"},{"assertionResults":[],"startTime":1784657099003,"endTime":1784657099003,"status":"failed","message":"missing expect for cb-found-2001-ellis","name":"C:/Users/gduff/casebrain-hub/scripts/explanation-fidelity-gold.test.ts"},{"assertionResults":[],"startTime":1784657099003,"endTime":1784657099003,"status":"failed","message":"process.exit unexpectedly called with \"0\"","name":"C:/Users/gduff/casebrain-hub/scripts/explanation-fidelity-local.test.ts"},{"assertionResults":[],"startTime":1784657099003,"endTime":1784657099003,"status":"failed","message":"No test suite found in file C:/Users/gduff/casebrain-hub/scripts/export-pack.test.ts","name":"C:/Users/gduff/casebrain-hub/scripts/export-pack.test.ts"},{"assertionResults":[],"startTime":1784657099003,"endTime":1784657099003,"status":"failed","message":"No test suite found in file C:/Users/gduff/casebrain-hub/scripts/extract-bundle-case-metadata-gold.test.ts","name":"C:/Users/gduff/casebrain-hub/scripts/extract-bundle-case-metadata-gold.test.ts"},{"assertionResults":[],"startTime":1784657099003,"endTime":1784657099003,"status":"failed","message":"No test suite found in file C:/Users/gduff/casebrain-hub/scripts/feedback-console.test.ts","name":"C:/Users/gduff/casebrain-hub/scripts/feedback-console.test.ts"},{"assertionResults":[],"startTime":1784657099003,"endTime":1784657099003,"status":"failed","message":"No test suite found in file C:/Users/gduff/casebrain-hub/scripts/five-answers-view.test.ts","name":"C:/Users/gduff/casebrain-hub/scripts/five-answers-view.test.ts"},{"assertionResults":[{"ancestorTitles":["CB-FRESH audit regressions"],"fullName":"CB-FRESH audit regressions does not route harassment/digital Taylor matter into PWITS workflow pack","status":"passed","title":"does not route harassment/digital Taylor matter into PWITS workflow pack","duration":396.0310999999999,"failureMessages":[],"meta":{}},{"ancestorTitles":["CB-FRESH audit regressions"],"fullName":"CB-FRESH audit regressions collapses Jordan referred-only BWV/custody fragments into canonical chase items","status":"passed","title":"collapses Jordan referred-only BWV/custody fragments into canonical chase items","duration":81.46479999999997,"failureMessages":[],"meta":{}}],"startTime":1784657164709,"endTime":1784657165186.4648,"status":"passed","message":"","name":"C:/Users/gduff/casebrain-hub/scripts/fresh-audit-regression.test.ts"},{"assertionResults":[],"startTime":1784657099003,"endTime":1784657099003,"status":"failed","message":"No test suite found in file C:/Users/gduff/casebrain-hub/scripts/gold-manual-proof-set.test.ts","name":"C:/Users/gduff/casebrain-hub/scripts/gold-manual-proof-set.test.ts"},{"assertionResults":[],"startTime":1784657099003,"endTime":1784657099003,"status":"failed","message":"No test suite found in file C:/Users/gduff/casebrain-hub/scripts/golden-truth-key-v2.test.ts","name":"C:/Users/gduff/casebrain-hub/scripts/golden-truth-key-v2.test.ts"},{"assertionResults":[],"startTime":1784657099003,"endTime":1784657099003,"status":"failed","message":"No test suite found in file C:/Users/gduff/casebrain-hub/scripts/hearing-mode.test.ts","name":"C:/Users/gduff/casebrain-hub/scripts/hearing-mode.test.ts"},{"assertionResults":[],"startTime":1784657099003,"endTime":1784657099003,"status":"failed","message":"No test suite found in file C:/Users/gduff/casebrain-hub/scripts/live-battleboard-gauntlet-header.test.ts","name":"C:/Users/gduff/casebrain-hub/scripts/live-battleboard-gauntlet-header.test.ts"},{"assertionResults":[],"startTime":1784657099003,"endTime":1784657099003,"status":"failed","message":"No test suite found in file C:/Users/gduff/casebrain-hub/scripts/matter-brief-assembler.test.ts","name":"C:/Users/gduff/casebrain-hub/scripts/matter-brief-assembler.test.ts"},{"assertionResults":[],"startTime":1784657099003,"endTime":1784657099003,"status":"failed","message":"No test suite found in file C:/Users/gduff/casebrain-hub/scripts/matter-confidence.test.ts","name":"C:/Users/gduff/casebrain-hub/scripts/matter-confidence.test.ts"},{"assertionResults":[],"startTime":1784657099003,"endTime":1784657099003,"status":"failed","message":"No test suite found in file C:/Users/gduff/casebrain-hub/scripts/merge-offence-signals.test.ts","name":"C:/Users/gduff/casebrain-hub/scripts/merge-offence-signals.test.ts"},{"assertionResults":[],"startTime":1784657099003,"endTime":1784657099003,"status":"failed","message":"No test suite found in file C:/Users/gduff/casebrain-hub/scripts/murder-bundle-metadata-extract.test.ts","name":"C:/Users/gduff/casebrain-hub/scripts/murder-bundle-metadata-extract.test.ts"},{"assertionResults":[],"startTime":1784657099003,"endTime":1784657099003,"status":"failed","message":"No test suite found in file C:/Users/gduff/casebrain-hub/scripts/offence-family-concept-registry.test.ts","name":"C:/Users/gduff/casebrain-hub/scripts/offence-family-concept-registry.test.ts"},{"assertionResults":[],"startTime":1784657099003,"endTime":1784657099003,"status":"failed","message":"No test suite found in file C:/Users/gduff/casebrain-hub/scripts/overview-presentation.test.ts","name":"C:/Users/gduff/casebrain-hub/scripts/overview-presentation.test.ts"},{"assertionResults":[],"startTime":1784657099003,"endTime":1784657099003,"status":"failed","message":"No test suite found in file C:/Users/gduff/casebrain-hub/scripts/pack-aa-messy-parsers.test.ts","name":"C:/Users/gduff/casebrain-hub/scripts/pack-aa-messy-parsers.test.ts"},{"assertionResults":[],"startTime":1784657099003,"endTime":1784657099003,"status":"failed","message":"No test suite found in file C:/Users/gduff/casebrain-hub/scripts/pack-y-golden-answer-quality.test.ts","name":"C:/Users/gduff/casebrain-hub/scripts/pack-y-golden-answer-quality.test.ts"},{"assertionResults":[],"startTime":1784657099003,"endTime":1784657099003,"status":"failed","message":"No test suite found in file C:/Users/gduff/casebrain-hub/scripts/pack-y-route-family.test.ts","name":"C:/Users/gduff/casebrain-hub/scripts/pack-y-route-family.test.ts"},{"assertionResults":[],"startTime":1784657099003,"endTime":1784657099003,"status":"failed","message":"No test suite found in file C:/Users/gduff/casebrain-hub/scripts/pack-z-primary-allegation.test.ts","name":"C:/Users/gduff/casebrain-hub/scripts/pack-z-primary-allegation.test.ts"},{"assertionResults":[{"ancestorTitles":["partner score lint"],"fullName":"partner score lint passes solicitor-ready, source-backed output","status":"passed","title":"passes solicitor-ready, source-backed output","duration":10.841000000000008,"failureMessages":[],"meta":{}},{"ancestorTitles":["partner score lint"],"fullName":"partner score lint clusters generic, incomplete output","status":"passed","title":"clusters generic, incomplete output","duration":4.7917999999999665,"failureMessages":[],"meta":{}}],"startTime":1784657169844,"endTime":1784657169860.7917,"status":"passed","message":"","name":"C:/Users/gduff/casebrain-hub/scripts/partner-score-lint.test.ts"},{"assertionResults":[],"startTime":1784657099003,"endTime":1784657099003,"status":"failed","message":"No test suite found in file C:/Users/gduff/casebrain-hub/scripts/phase6-validator-contracts.test.ts","name":"C:/Users/gduff/casebrain-hub/scripts/phase6-validator-contracts.test.ts"},{"assertionResults":[],"startTime":1784657099003,"endTime":1784657099003,"status":"failed","message":"No test suite found in file C:/Users/gduff/casebrain-hub/scripts/phase7-extraction-provenance.test.ts","name":"C:/Users/gduff/casebrain-hub/scripts/phase7-extraction-provenance.test.ts"},{"assertionResults":[],"startTime":1784657099003,"endTime":1784657099003,"status":"failed","message":"Cannot find module '../lib/pilot-mode'\nRequire stack:\n- C:\\Users\\gduff\\casebrain-hub\\scripts\\pilot-case-visibility.test.ts","name":"C:/Users/gduff/casebrain-hub/scripts/pilot-case-visibility.test.ts"},{"assertionResults":[],"startTime":1784657099003,"endTime":1784657099003,"status":"failed","message":"No test suite found in file C:/Users/gduff/casebrain-hub/scripts/pilot-hearing-extract.test.ts","name":"C:/Users/gduff/casebrain-hub/scripts/pilot-hearing-extract.test.ts"},{"assertionResults":[],"startTime":1784657099003,"endTime":1784657099003,"status":"failed","message":"No test suite found in file C:/Users/gduff/casebrain-hub/scripts/pilot-matter-display-polish.test.ts","name":"C:/Users/gduff/casebrain-hub/scripts/pilot-matter-display-polish.test.ts"},{"assertionResults":[],"startTime":1784657099003,"endTime":1784657099003,"status":"failed","message":"Cannot find module '../lib/criminal/pilot-workflow'\nRequire stack:\n- C:\\Users\\gduff\\casebrain-hub\\scripts\\pilot-workflow-profile.test.ts","name":"C:/Users/gduff/casebrain-hub/scripts/pilot-workflow-profile.test.ts"},{"assertionResults":[],"startTime":1784657099003,"endTime":1784657099003,"status":"failed","message":"No test suite found in file C:/Users/gduff/casebrain-hub/scripts/pre-hearing-readiness.test.ts","name":"C:/Users/gduff/casebrain-hub/scripts/pre-hearing-readiness.test.ts"},{"assertionResults":[],"startTime":1784657099003,"endTime":1784657099003,"status":"failed","message":"generic-provisional-sam-okonkwo:\n  missing proof point id: pp-witness-messaging\n\n1 !== 0\n","name":"C:/Users/gduff/casebrain-hub/scripts/proof-map-fidelity-gold.test.ts"},{"assertionResults":[],"startTime":1784657099003,"endTime":1784657099003,"status":"failed","message":"No test suite found in file C:/Users/gduff/casebrain-hub/scripts/proof-map-product.test.ts","name":"C:/Users/gduff/casebrain-hub/scripts/proof-map-product.test.ts"},{"assertionResults":[],"startTime":1784657099003,"endTime":1784657099003,"status":"failed","message":"No test suite found in file C:/Users/gduff/casebrain-hub/scripts/proof-receipt-panel.test.ts","name":"C:/Users/gduff/casebrain-hub/scripts/proof-receipt-panel.test.ts"},{"assertionResults":[],"startTime":1784657099003,"endTime":1784657099003,"status":"failed","message":"No test suite found in file C:/Users/gduff/casebrain-hub/scripts/provisional-offence-policy.test.ts","name":"C:/Users/gduff/casebrain-hub/scripts/provisional-offence-policy.test.ts"},{"assertionResults":[],"startTime":1784657099003,"endTime":1784657099003,"status":"failed","message":"No test suite found in file C:/Users/gduff/casebrain-hub/scripts/real-layout-pdf-ocr-stress.test.ts","name":"C:/Users/gduff/casebrain-hub/scripts/real-layout-pdf-ocr-stress.test.ts"},{"assertionResults":[],"startTime":1784657099003,"endTime":1784657099003,"status":"failed","message":"No test suite found in file C:/Users/gduff/casebrain-hub/scripts/real-matter-auditor.test.ts","name":"C:/Users/gduff/casebrain-hub/scripts/real-matter-auditor.test.ts"},{"assertionResults":[],"startTime":1784657099003,"endTime":1784657099003,"status":"failed","message":"No test suite found in file C:/Users/gduff/casebrain-hub/scripts/reasoning-feedback.test.ts","name":"C:/Users/gduff/casebrain-hub/scripts/reasoning-feedback.test.ts"},{"assertionResults":[],"startTime":1784657099003,"endTime":1784657099003,"status":"failed","message":"expected 7 runnable gold bundles\n\n102 !== 7\n","name":"C:/Users/gduff/casebrain-hub/scripts/reasoning-v2-bridge.test.ts"},{"assertionResults":[],"startTime":1784657099003,"endTime":1784657099003,"status":"failed","message":"No test suite found in file C:/Users/gduff/casebrain-hub/scripts/rerun-diff.test.ts","name":"C:/Users/gduff/casebrain-hub/scripts/rerun-diff.test.ts"},{"assertionResults":[],"startTime":1784657099003,"endTime":1784657099003,"status":"failed","message":"No test suite found in file C:/Users/gduff/casebrain-hub/scripts/simulator-manifest-v1.1.test.ts","name":"C:/Users/gduff/casebrain-hub/scripts/simulator-manifest-v1.1.test.ts"},{"assertionResults":[],"startTime":1784657099003,"endTime":1784657099003,"status":"failed","message":"No test suite found in file C:/Users/gduff/casebrain-hub/scripts/simulator-manifest-v1.test.ts","name":"C:/Users/gduff/casebrain-hub/scripts/simulator-manifest-v1.test.ts"},{"assertionResults":[],"startTime":1784657099003,"endTime":1784657099003,"status":"failed","message":"No test suite found in file C:/Users/gduff/casebrain-hub/scripts/simulator-manifest-v2.test.ts","name":"C:/Users/gduff/casebrain-hub/scripts/simulator-manifest-v2.test.ts"},{"assertionResults":[],"startTime":1784657099003,"endTime":1784657099003,"status":"failed","message":"No test suite found in file C:/Users/gduff/casebrain-hub/scripts/solicitor-display-dedupe.test.ts","name":"C:/Users/gduff/casebrain-hub/scripts/solicitor-display-dedupe.test.ts"},{"assertionResults":[],"startTime":1784657099003,"endTime":1784657099003,"status":"failed","message":"No test suite found in file C:/Users/gduff/casebrain-hub/scripts/solicitor-hearing-display.test.ts","name":"C:/Users/gduff/casebrain-hub/scripts/solicitor-hearing-display.test.ts"},{"assertionResults":[],"startTime":1784657099003,"endTime":1784657099003,"status":"failed","message":"No test suite found in file C:/Users/gduff/casebrain-hub/scripts/solicitor-output-gate.test.ts","name":"C:/Users/gduff/casebrain-hub/scripts/solicitor-output-gate.test.ts"},{"assertionResults":[],"startTime":1784657099003,"endTime":1784657099003,"status":"failed","message":"No test suite found in file C:/Users/gduff/casebrain-hub/scripts/solicitor-output-integrity.test.ts","name":"C:/Users/gduff/casebrain-hub/scripts/solicitor-output-integrity.test.ts"},{"assertionResults":[],"startTime":1784657099003,"endTime":1784657099003,"status":"failed","message":"No test suite found in file C:/Users/gduff/casebrain-hub/scripts/solicitor-surface-contract.test.ts","name":"C:/Users/gduff/casebrain-hub/scripts/solicitor-surface-contract.test.ts"},{"assertionResults":[{"ancestorTitles":["source truth guardian"],"fullName":"source truth guardian blocks Taylor-style BWV/drugs bleed on a digital bundle without flattening safe output","status":"passed","title":"blocks Taylor-style BWV/drugs bleed on a digital bundle without flattening safe output","duration":232.5596999999999,"failureMessages":[],"meta":{}},{"ancestorTitles":["source truth guardian"],"fullName":"source truth guardian handles Jordan-style custody/BWV state contradictions and relabels defence account","status":"passed","title":"handles Jordan-style custody/BWV state contradictions and relabels defence account","duration":103.25720000000001,"failureMessages":[],"meta":{}},{"ancestorTitles":["source truth guardian"],"fullName":"source truth guardian removes MG6C headers as chase items and keeps useful chase wording","status":"passed","title":"removes MG6C headers as chase items and keeps useful chase wording","duration":117.67090000000007,"failureMessages":[],"meta":{}},{"ancestorTitles":["source truth guardian"],"fullName":"source truth guardian collapses Jordan-style referred-only BWV/custody fragments into clean chase items","status":"passed","title":"collapses Jordan-style referred-only BWV/custody fragments into clean chase items","duration":39.05060000000003,"failureMessages":[],"meta":{}}],"startTime":1784657164287,"endTime":1784657164779.0505,"status":"passed","message":"","name":"C:/Users/gduff/casebrain-hub/scripts/source-truth-guardian.test.ts"},{"assertionResults":[],"startTime":1784657099003,"endTime":1784657099003,"status":"failed","message":"No test suite found in file C:/Users/gduff/casebrain-hub/scripts/strategy-corpus-traps.test.ts","name":"C:/Users/gduff/casebrain-hub/scripts/strategy-corpus-traps.test.ts"},{"assertionResults":[],"startTime":1784657099003,"endTime":1784657099003,"status":"failed","message":"No test suite found in file C:/Users/gduff/casebrain-hub/scripts/strategy-corpus.test.ts","name":"C:/Users/gduff/casebrain-hub/scripts/strategy-corpus.test.ts"},{"assertionResults":[],"startTime":1784657099003,"endTime":1784657099003,"status":"failed","message":"No test suite found in file C:/Users/gduff/casebrain-hub/scripts/structured-solicitor-output.test.ts","name":"C:/Users/gduff/casebrain-hub/scripts/structured-solicitor-output.test.ts"},{"assertionResults":[],"startTime":1784657099003,"endTime":1784657099003,"status":"failed","message":"No test suite found in file C:/Users/gduff/casebrain-hub/scripts/supervisor-qa-view.test.ts","name":"C:/Users/gduff/casebrain-hub/scripts/supervisor-qa-view.test.ts"},{"assertionResults":[],"startTime":1784657099003,"endTime":1784657099003,"status":"failed","message":"No test suite found in file C:/Users/gduff/casebrain-hub/scripts/supervisor-queue-live-path.test.ts","name":"C:/Users/gduff/casebrain-hub/scripts/supervisor-queue-live-path.test.ts"},{"assertionResults":[],"startTime":1784657099003,"endTime":1784657099003,"status":"failed","message":"No test suite found in file C:/Users/gduff/casebrain-hub/scripts/supervisor-queue.test.ts","name":"C:/Users/gduff/casebrain-hub/scripts/supervisor-queue.test.ts"},{"assertionResults":[],"startTime":1784657099003,"endTime":1784657099003,"status":"failed","message":"No test suite found in file C:/Users/gduff/casebrain-hub/scripts/supervisor-signoff.test.ts","name":"C:/Users/gduff/casebrain-hub/scripts/supervisor-signoff.test.ts"},{"assertionResults":[],"startTime":1784657099003,"endTime":1784657099003,"status":"failed","message":"No test suite found in file C:/Users/gduff/casebrain-hub/scripts/trust-feedback.test.ts","name":"C:/Users/gduff/casebrain-hub/scripts/trust-feedback.test.ts"},{"assertionResults":[],"startTime":1784657099003,"endTime":1784657099003,"status":"failed","message":"No test suite found in file C:/Users/gduff/casebrain-hub/scripts/war-room-view-fidelity-gold.test.ts","name":"C:/Users/gduff/casebrain-hub/scripts/war-room-view-fidelity-gold.test.ts"},{"assertionResults":[],"startTime":1784657099003,"endTime":1784657099003,"status":"failed","message":"No test suite found in file C:/Users/gduff/casebrain-hub/scripts/weirdness-detector.test.ts","name":"C:/Users/gduff/casebrain-hub/scripts/weirdness-detector.test.ts"},{"assertionResults":[{"ancestorTitles":["refineS18ToS20FromBundleFacts"],"fullName":"refineS18ToS20FromBundleFacts one punch + fall + kerb + fracture → s.20","status":"passed","title":"one punch + fall + kerb + fracture → s.20","duration":6.560200000000009,"failureMessages":[],"meta":{}},{"ancestorTitles":["refineS18ToS20FromBundleFacts"],"fullName":"refineS18ToS20FromBundleFacts CPS intentionally inflicted GBH boilerplate + one punch pattern → s.20","status":"passed","title":"CPS intentionally inflicted GBH boilerplate + one punch pattern → s.20","duration":2.627899999999954,"failureMessages":[],"meta":{}},{"ancestorTitles":["refineS18ToS20FromBundleFacts"],"fullName":"refineS18ToS20FromBundleFacts repeated punches → keep s.18","status":"passed","title":"repeated punches → keep s.18","duration":0.4655999999999949,"failureMessages":[],"meta":{}},{"ancestorTitles":["refineS18ToS20FromBundleFacts"],"fullName":"refineS18ToS20FromBundleFacts knife used → keep s.18","status":"passed","title":"knife used → keep s.18","duration":0.7554999999999836,"failureMessages":[],"meta":{}},{"ancestorTitles":["refineS18ToS20FromBundleFacts"],"fullName":"refineS18ToS20FromBundleFacts admitted intent to cause GBH → keep s.18","status":"passed","title":"admitted intent to cause GBH → keep s.18","duration":0.5563999999999396,"failureMessages":[],"meta":{}},{"ancestorTitles":["refineS18ToS20FromBundleFacts"],"fullName":"refineS18ToS20FromBundleFacts non-s18 code unchanged","status":"passed","title":"non-s18 code unchanged","duration":0.42840000000001055,"failureMessages":[],"meta":{}},{"ancestorTitles":["runPhase1Detection s18 charge + one-punch facts"],"fullName":"runPhase1Detection s18 charge + one-punch facts refines to s20","status":"passed","title":"refines to s20","duration":2.5008000000000266,"failureMessages":[],"meta":{}}],"startTime":1784657190433,"endTime":1784657190448.5007,"status":"passed","message":"","name":"C:/Users/gduff/casebrain-hub/lib/criminal/phase1-detection.test.ts"},{"assertionResults":[{"ancestorTitles":["buildFactRuleMatrix"],"fullName":"buildFactRuleMatrix should return empty array when no facts are provided","status":"passed","title":"should return empty array when no facts are provided","duration":4.375099999999975,"failureMessages":[],"meta":{}},{"ancestorTitles":["buildFactRuleMatrix"],"fullName":"buildFactRuleMatrix should link facts to rules via explanations","status":"passed","title":"should link facts to rules via explanations","duration":8.248500000000035,"failureMessages":[],"meta":{}},{"ancestorTitles":["buildFactRuleMatrix"],"fullName":"buildFactRuleMatrix should handle facts without explanations gracefully","status":"passed","title":"should handle facts without explanations gracefully","duration":0.6188000000000784,"failureMessages":[],"meta":{}},{"ancestorTitles":["buildFactRuleMatrix"],"fullName":"buildFactRuleMatrix should include outcome and complaint summaries in matrix","status":"passed","title":"should include outcome and complaint summaries in matrix","duration":1.1016000000000759,"failureMessages":[],"meta":{}}],"startTime":1784657171158,"endTime":1784657171173.1016,"status":"passed","message":"","name":"C:/Users/gduff/casebrain-hub/lib/core/__tests__/analysis.factRuleMatrix.test.ts"},{"assertionResults":[{"ancestorTitles":["Drafting Integration with Outcome/Complaint Summaries"],"fullName":"Drafting Integration with Outcome/Complaint Summaries should include key issues in draft context","status":"passed","title":"should include key issues in draft context","duration":5.262800000000084,"failureMessages":[],"meta":{}},{"ancestorTitles":["Drafting Integration with Outcome/Complaint Summaries"],"fullName":"Drafting Integration with Outcome/Complaint Summaries should include outcome summary in draft context","status":"passed","title":"should include outcome summary in draft context","duration":0.9587999999999965,"failureMessages":[],"meta":{}},{"ancestorTitles":["Drafting Integration with Outcome/Complaint Summaries"],"fullName":"Drafting Integration with Outcome/Complaint Summaries should adjust tone for high complaint risk","status":"passed","title":"should adjust tone for high complaint risk","duration":0.7030999999999494,"failureMessages":[],"meta":{}},{"ancestorTitles":["Drafting Integration with Outcome/Complaint Summaries"],"fullName":"Drafting Integration with Outcome/Complaint Summaries should include complaint risk drivers in draft context","status":"passed","title":"should include complaint risk drivers in draft context","duration":0.6820000000000164,"failureMessages":[],"meta":{}},{"ancestorTitles":["Drafting Integration with Outcome/Complaint Summaries"],"fullName":"Drafting Integration with Outcome/Complaint Summaries should use pack-specific prompt hints","status":"passed","title":"should use pack-specific prompt hints","duration":0.9750999999999976,"failureMessages":[],"meta":{}},{"ancestorTitles":["Drafting Integration with Outcome/Complaint Summaries"],"fullName":"Drafting Integration with Outcome/Complaint Summaries should handle missing outcome/complaint summaries gracefully","status":"passed","title":"should handle missing outcome/complaint summaries gracefully","duration":0.5397999999999001,"failureMessages":[],"meta":{}}],"startTime":1784657168938,"endTime":1784657168948.5398,"status":"passed","message":"","name":"C:/Users/gduff/casebrain-hub/lib/core/__tests__/drafting.integration.test.ts"},{"assertionResults":[{"ancestorTitles":["calculateLimitation"],"fullName":"calculateLimitation should calculate 6-year limitation for housing cases","status":"passed","title":"should calculate 6-year limitation for housing cases","duration":61.46160000000009,"failureMessages":[],"meta":{}},{"ancestorTitles":["calculateLimitation"],"fullName":"calculateLimitation should calculate 3-year limitation for PI cases","status":"failed","title":"should calculate 3-year limitation for PI cases","duration":17.931600000000117,"failureMessages":["AssertionError: expected '2028-01-01T00:00:00.000Z' to be '2025-01-01T00:00:00.000Z' // Object.is equality\n    at C:\\Users\\gduff\\casebrain-hub\\lib\\core\\__tests__\\limitation.test.ts:32:35\n    at file:///C:/Users/gduff/casebrain-hub/node_modules/@vitest/runner/dist/index.js:146:14\n    at file:///C:/Users/gduff/casebrain-hub/node_modules/@vitest/runner/dist/index.js:533:11\n    at runWithTimeout (file:///C:/Users/gduff/casebrain-hub/node_modules/@vitest/runner/dist/index.js:39:7)\n    at runTest (file:///C:/Users/gduff/casebrain-hub/node_modules/@vitest/runner/dist/index.js:1056:17)\n    at processTicksAndRejections (node:internal/process/task_queues:95:5)\n    at runSuite (file:///C:/Users/gduff/casebrain-hub/node_modules/@vitest/runner/dist/index.js:1205:15)\n    at runSuite (file:///C:/Users/gduff/casebrain-hub/node_modules/@vitest/runner/dist/index.js:1205:15)\n    at runFiles (file:///C:/Users/gduff/casebrain-hub/node_modules/@vitest/runner/dist/index.js:1262:5)\n    at startTests (file:///C:/Users/gduff/casebrain-hub/node_modules/@vitest/runner/dist/index.js:1271:3)"],"meta":{}},{"ancestorTitles":["calculateLimitation"],"fullName":"calculateLimitation should return medium severity when dates are missing","status":"passed","title":"should return medium severity when dates are missing","duration":0.8055000000001655,"failureMessages":[],"meta":{}},{"ancestorTitles":["calculateLimitation"],"fullName":"calculateLimitation should handle past limitation dates (expired)","status":"passed","title":"should handle past limitation dates (expired)","duration":0.6897000000001299,"failureMessages":[],"meta":{}},{"ancestorTitles":["calculateLimitation"],"fullName":"calculateLimitation should use date of knowledge if provided","status":"failed","title":"should use date of knowledge if provided","duration":6.627700000000004,"failureMessages":["AssertionError: expected 'Possible limitation deadline around 0…' to contain 'date of knowledge'\n    at C:\\Users\\gduff\\casebrain-hub\\lib\\core\\__tests__\\limitation.test.ts:80:32\n    at file:///C:/Users/gduff/casebrain-hub/node_modules/@vitest/runner/dist/index.js:146:14\n    at file:///C:/Users/gduff/casebrain-hub/node_modules/@vitest/runner/dist/index.js:533:11\n    at runWithTimeout (file:///C:/Users/gduff/casebrain-hub/node_modules/@vitest/runner/dist/index.js:39:7)\n    at runTest (file:///C:/Users/gduff/casebrain-hub/node_modules/@vitest/runner/dist/index.js:1056:17)\n    at processTicksAndRejections (node:internal/process/task_queues:95:5)\n    at runSuite (file:///C:/Users/gduff/casebrain-hub/node_modules/@vitest/runner/dist/index.js:1205:15)\n    at runSuite (file:///C:/Users/gduff/casebrain-hub/node_modules/@vitest/runner/dist/index.js:1205:15)\n    at runFiles (file:///C:/Users/gduff/casebrain-hub/node_modules/@vitest/runner/dist/index.js:1262:5)\n    at startTests (file:///C:/Users/gduff/casebrain-hub/node_modules/@vitest/runner/dist/index.js:1271:3)"],"meta":{}},{"ancestorTitles":["calculateLimitation"],"fullName":"calculateLimitation should detect minor claimants","status":"passed","title":"should detect minor claimants","duration":0.7375999999999294,"failureMessages":[],"meta":{}},{"ancestorTitles":["calculateLimitation"],"fullName":"calculateLimitation should set severity based on days remaining","status":"failed","title":"should set severity based on days remaining","duration":2.2360000000001037,"failureMessages":["AssertionError: expected 'low' to be 'critical' // Object.is equality\n    at C:\\Users\\gduff\\casebrain-hub\\lib\\core\\__tests__\\limitation.test.ts:110:30\n    at file:///C:/Users/gduff/casebrain-hub/node_modules/@vitest/runner/dist/index.js:146:14\n    at file:///C:/Users/gduff/casebrain-hub/node_modules/@vitest/runner/dist/index.js:533:11\n    at runWithTimeout (file:///C:/Users/gduff/casebrain-hub/node_modules/@vitest/runner/dist/index.js:39:7)\n    at runTest (file:///C:/Users/gduff/casebrain-hub/node_modules/@vitest/runner/dist/index.js:1056:17)\n    at processTicksAndRejections (node:internal/process/task_queues:95:5)\n    at runSuite (file:///C:/Users/gduff/casebrain-hub/node_modules/@vitest/runner/dist/index.js:1205:15)\n    at runSuite (file:///C:/Users/gduff/casebrain-hub/node_modules/@vitest/runner/dist/index.js:1205:15)\n    at runFiles (file:///C:/Users/gduff/casebrain-hub/node_modules/@vitest/runner/dist/index.js:1262:5)\n    at startTests (file:///C:/Users/gduff/casebrain-hub/node_modules/@vitest/runner/dist/index.js:1271:3)"],"meta":{}},{"ancestorTitles":["calculateLimitation"],"fullName":"calculateLimitation should handle invalid date formats gracefully","status":"passed","title":"should handle invalid date formats gracefully","duration":0.6457000000000335,"failureMessages":[],"meta":{}}],"startTime":1784657175292,"endTime":1784657175385.6458,"status":"failed","message":"","name":"C:/Users/gduff/casebrain-hub/lib/core/__tests__/limitation.test.ts"},{"assertionResults":[{"ancestorTitles":["Overview PDF Export"],"fullName":"Overview PDF Export should include caseId in PDF content","status":"passed","title":"should include caseId in PDF content","duration":5.4027999999999565,"failureMessages":[],"meta":{}},{"ancestorTitles":["Overview PDF Export"],"fullName":"Overview PDF Export should include practice area in PDF metadata","status":"passed","title":"should include practice area in PDF metadata","duration":0.8759999999999764,"failureMessages":[],"meta":{}},{"ancestorTitles":["Overview PDF Export"],"fullName":"Overview PDF Export should return non-empty PDF data","status":"passed","title":"should return non-empty PDF data","duration":0.43250000000000455,"failureMessages":[],"meta":{}}],"startTime":1784657206848,"endTime":1784657206854.4326,"status":"passed","message":"","name":"C:/Users/gduff/casebrain-hub/lib/core/__tests__/overview-pdf.test.ts"},{"assertionResults":[{"ancestorTitles":["riskCopy","limitation"],"fullName":"riskCopy limitation should return correct titles for each severity","status":"passed","title":"should return correct titles for each severity","duration":4.014400000000023,"failureMessages":[],"meta":{}},{"ancestorTitles":["riskCopy","limitation"],"fullName":"riskCopy limitation should build messages with limitation date","status":"failed","title":"should build messages with limitation date","duration":68.37660000000005,"failureMessages":["AssertionError: expected 'Possible limitation deadline around 3…' to contain '2025-12-31'\n    at C:\\Users\\gduff\\casebrain-hub\\lib\\core\\__tests__\\riskCopy.test.ts:19:23\n    at file:///C:/Users/gduff/casebrain-hub/node_modules/@vitest/runner/dist/index.js:146:14\n    at file:///C:/Users/gduff/casebrain-hub/node_modules/@vitest/runner/dist/index.js:533:11\n    at runWithTimeout (file:///C:/Users/gduff/casebrain-hub/node_modules/@vitest/runner/dist/index.js:39:7)\n    at runTest (file:///C:/Users/gduff/casebrain-hub/node_modules/@vitest/runner/dist/index.js:1056:17)\n    at processTicksAndRejections (node:internal/process/task_queues:95:5)\n    at runSuite (file:///C:/Users/gduff/casebrain-hub/node_modules/@vitest/runner/dist/index.js:1205:15)\n    at runSuite (file:///C:/Users/gduff/casebrain-hub/node_modules/@vitest/runner/dist/index.js:1205:15)\n    at runSuite (file:///C:/Users/gduff/casebrain-hub/node_modules/@vitest/runner/dist/index.js:1205:15)\n    at runFiles (file:///C:/Users/gduff/casebrain-hub/node_modules/@vitest/runner/dist/index.js:1262:5)"],"meta":{}},{"ancestorTitles":["riskCopy","limitation"],"fullName":"riskCopy limitation should build messages for expired limitation","status":"passed","title":"should build messages for expired limitation","duration":1.0219999999999345,"failureMessages":[],"meta":{}},{"ancestorTitles":["riskCopy","limitation"],"fullName":"riskCopy limitation should always include non-legal-advice disclaimer","status":"passed","title":"should always include non-legal-advice disclaimer","duration":0.8563000000000329,"failureMessages":[],"meta":{}},{"ancestorTitles":["riskCopy","limitation"],"fullName":"riskCopy limitation should generate recommended actions","status":"passed","title":"should generate recommended actions","duration":1.0669000000000324,"failureMessages":[],"meta":{}},{"ancestorTitles":["riskCopy","limitation"],"fullName":"riskCopy limitation should include vulnerability actions when applicable","status":"passed","title":"should include vulnerability actions when applicable","duration":0.7171999999999343,"failureMessages":[],"meta":{}},{"ancestorTitles":["riskCopy","limitation"],"fullName":"riskCopy limitation should include urgent review action for expired limitation","status":"passed","title":"should include urgent review action for expired limitation","duration":0.6559999999999491,"failureMessages":[],"meta":{}},{"ancestorTitles":["riskCopy","awaabs_law"],"fullName":"riskCopy awaabs_law should return correct titles for each severity","status":"passed","title":"should return correct titles for each severity","duration":1.122700000000009,"failureMessages":[],"meta":{}},{"ancestorTitles":["riskCopy","awaabs_law"],"fullName":"riskCopy awaabs_law should build messages with deadline information","status":"passed","title":"should build messages with deadline information","duration":1.6503999999999905,"failureMessages":[],"meta":{}},{"ancestorTitles":["riskCopy","section_11"],"fullName":"riskCopy section_11 should return correct titles for each severity","status":"passed","title":"should return correct titles for each severity","duration":0.710399999999936,"failureMessages":[],"meta":{}},{"ancestorTitles":["riskCopy","section_11"],"fullName":"riskCopy section_11 should build messages with repair time information","status":"passed","title":"should build messages with repair time information","duration":0.6316000000000486,"failureMessages":[],"meta":{}}],"startTime":1784657174035,"endTime":1784657174117.6316,"status":"failed","message":"","name":"C:/Users/gduff/casebrain-hub/lib/core/__tests__/riskCopy.test.ts"},{"assertionResults":[{"ancestorTitles":["Supervisor Review Integration"],"fullName":"Supervisor Review Integration should set supervisorReviewed flag when reviewed","status":"passed","title":"should set supervisorReviewed flag when reviewed","duration":3.476799999999969,"failureMessages":[],"meta":{}},{"ancestorTitles":["Supervisor Review Integration"],"fullName":"Supervisor Review Integration should log audit event when reviewed","status":"passed","title":"should log audit event when reviewed","duration":0.5169999999999959,"failureMessages":[],"meta":{}}],"startTime":1784657207589,"endTime":1784657207593.517,"status":"passed","message":"","name":"C:/Users/gduff/casebrain-hub/lib/core/__tests__/supervisor-review.test.ts"},{"assertionResults":[{"ancestorTitles":["Timeline Filter Logic"],"fullName":"Timeline Filter Logic should return all items when filter is 'all'","status":"passed","title":"should return all items when filter is 'all'","duration":5.36609999999996,"failureMessages":[],"meta":{}},{"ancestorTitles":["Timeline Filter Logic"],"fullName":"Timeline Filter Logic should filter to limitation items only","status":"passed","title":"should filter to limitation items only","duration":1.0015999999999394,"failureMessages":[],"meta":{}},{"ancestorTitles":["Timeline Filter Logic"],"fullName":"Timeline Filter Logic should filter to complaint items only","status":"passed","title":"should filter to complaint items only","duration":0.8713999999999942,"failureMessages":[],"meta":{}},{"ancestorTitles":["Timeline Filter Logic"],"fullName":"Timeline Filter Logic should filter to evidence items only","status":"passed","title":"should filter to evidence items only","duration":0.5597999999999956,"failureMessages":[],"meta":{}},{"ancestorTitles":["Timeline Filter Logic"],"fullName":"Timeline Filter Logic should filter to protocol items only","status":"passed","title":"should filter to protocol items only","duration":0.7904999999999518,"failureMessages":[],"meta":{}},{"ancestorTitles":["Timeline Filter Logic"],"fullName":"Timeline Filter Logic should handle items without category (treat as communication)","status":"passed","title":"should handle items without category (treat as communication)","duration":0.45069999999998345,"failureMessages":[],"meta":{}},{"ancestorTitles":["Timeline Filter Logic"],"fullName":"Timeline Filter Logic should return empty array when no items match filter","status":"passed","title":"should return empty array when no items match filter","duration":0.3631000000000313,"failureMessages":[],"meta":{}}],"startTime":1784657182125,"endTime":1784657182135.363,"status":"passed","message":"","name":"C:/Users/gduff/casebrain-hub/lib/core/__tests__/timeline.filter.test.ts"},{"assertionResults":[{"ancestorTitles":["Criminal purity + probability gating"],"fullName":"Criminal purity + probability gating criminal missing evidence must not include CFA/retainer/Part36/PAP/quantum items","status":"passed","title":"criminal missing evidence must not include CFA/retainer/Part36/PAP/quantum items","duration":13.495900000000006,"failureMessages":[],"meta":{}},{"ancestorTitles":["Criminal purity + probability gating"],"fullName":"Criminal purity + probability gating probabilities are suppressed when completeness is low","status":"failed","title":"probabilities are suppressed when completeness is low","duration":12.549800000000005,"failureMessages":["AssertionError: expected 'Decision support only — upload served…' to match /insufficient bundle/i\n    at C:\\Users\\gduff\\casebrain-hub\\lib\\criminal\\__tests__\\criminal-purity.test.ts:19:24\n    at file:///C:/Users/gduff/casebrain-hub/node_modules/@vitest/runner/dist/index.js:146:14\n    at file:///C:/Users/gduff/casebrain-hub/node_modules/@vitest/runner/dist/index.js:533:11\n    at runWithTimeout (file:///C:/Users/gduff/casebrain-hub/node_modules/@vitest/runner/dist/index.js:39:7)\n    at runTest (file:///C:/Users/gduff/casebrain-hub/node_modules/@vitest/runner/dist/index.js:1056:17)\n    at processTicksAndRejections (node:internal/process/task_queues:95:5)\n    at runSuite (file:///C:/Users/gduff/casebrain-hub/node_modules/@vitest/runner/dist/index.js:1205:15)\n    at runSuite (file:///C:/Users/gduff/casebrain-hub/node_modules/@vitest/runner/dist/index.js:1205:15)\n    at runFiles (file:///C:/Users/gduff/casebrain-hub/node_modules/@vitest/runner/dist/index.js:1262:5)\n    at startTests (file:///C:/Users/gduff/casebrain-hub/node_modules/@vitest/runner/dist/index.js:1271:3)"],"meta":{}}],"startTime":1784657207557,"endTime":1784657207582.5498,"status":"failed","message":"","name":"C:/Users/gduff/casebrain-hub/lib/criminal/__tests__/criminal-purity.test.ts"},{"assertionResults":[{"ancestorTitles":["Criminal structured extractor (deterministic)"],"fullName":"Criminal structured extractor (deterministic) extracts charges, hearings, bail, PACE and disclosure without throwing","status":"passed","title":"extracts charges, hearings, bail, PACE and disclosure without throwing","duration":32.55150000000003,"failureMessages":[],"meta":{}},{"ancestorTitles":["Criminal structured extractor (deterministic)"],"fullName":"Criminal structured extractor (deterministic) never throws and always returns keyFacts even on empty input","status":"passed","title":"never throws and always returns keyFacts even on empty input","duration":4.376899999999978,"failureMessages":[],"meta":{}},{"ancestorTitles":["validateCourtName"],"fullName":"validateCourtName rejects markdown headings starting with #","status":"failed","title":"rejects markdown headings starting with #","duration":10.413800000000037,"failureMessages":["ReferenceError: validateCourtName is not defined\n    at C:\\Users\\gduff\\casebrain-hub\\lib\\criminal\\__tests__\\structured-extractor.test.ts:43:5\n    at file:///C:/Users/gduff/casebrain-hub/node_modules/@vitest/runner/dist/index.js:146:14\n    at file:///C:/Users/gduff/casebrain-hub/node_modules/@vitest/runner/dist/index.js:533:11\n    at runWithTimeout (file:///C:/Users/gduff/casebrain-hub/node_modules/@vitest/runner/dist/index.js:39:7)\n    at runTest (file:///C:/Users/gduff/casebrain-hub/node_modules/@vitest/runner/dist/index.js:1056:17)\n    at processTicksAndRejections (node:internal/process/task_queues:95:5)\n    at runSuite (file:///C:/Users/gduff/casebrain-hub/node_modules/@vitest/runner/dist/index.js:1205:15)\n    at runSuite (file:///C:/Users/gduff/casebrain-hub/node_modules/@vitest/runner/dist/index.js:1205:15)\n    at runFiles (file:///C:/Users/gduff/casebrain-hub/node_modules/@vitest/runner/dist/index.js:1262:5)\n    at startTests (file:///C:/Users/gduff/casebrain-hub/node_modules/@vitest/runner/dist/index.js:1271:3)"],"meta":{}},{"ancestorTitles":["validateCourtName"],"fullName":"validateCourtName rejects values containing BUNDLE","status":"failed","title":"rejects values containing BUNDLE","duration":2.2776000000000067,"failureMessages":["ReferenceError: validateCourtName is not defined\n    at C:\\Users\\gduff\\casebrain-hub\\lib\\criminal\\__tests__\\structured-extractor.test.ts:48:5\n    at file:///C:/Users/gduff/casebrain-hub/node_modules/@vitest/runner/dist/index.js:146:14\n    at file:///C:/Users/gduff/casebrain-hub/node_modules/@vitest/runner/dist/index.js:533:11\n    at runWithTimeout (file:///C:/Users/gduff/casebrain-hub/node_modules/@vitest/runner/dist/index.js:39:7)\n    at runTest (file:///C:/Users/gduff/casebrain-hub/node_modules/@vitest/runner/dist/index.js:1056:17)\n    at processTicksAndRejections (node:internal/process/task_queues:95:5)\n    at runSuite (file:///C:/Users/gduff/casebrain-hub/node_modules/@vitest/runner/dist/index.js:1205:15)\n    at runSuite (file:///C:/Users/gduff/casebrain-hub/node_modules/@vitest/runner/dist/index.js:1205:15)\n    at runFiles (file:///C:/Users/gduff/casebrain-hub/node_modules/@vitest/runner/dist/index.js:1262:5)\n    at startTests (file:///C:/Users/gduff/casebrain-hub/node_modules/@vitest/runner/dist/index.js:1271:3)"],"meta":{}},{"ancestorTitles":["validateCourtName"],"fullName":"validateCourtName rejects ALL CAPS headings without court keyword","status":"failed","title":"rejects ALL CAPS headings without court keyword","duration":1.0639999999999645,"failureMessages":["ReferenceError: validateCourtName is not defined\n    at C:\\Users\\gduff\\casebrain-hub\\lib\\criminal\\__tests__\\structured-extractor.test.ts:53:5\n    at file:///C:/Users/gduff/casebrain-hub/node_modules/@vitest/runner/dist/index.js:146:14\n    at file:///C:/Users/gduff/casebrain-hub/node_modules/@vitest/runner/dist/index.js:533:11\n    at runWithTimeout (file:///C:/Users/gduff/casebrain-hub/node_modules/@vitest/runner/dist/index.js:39:7)\n    at runTest (file:///C:/Users/gduff/casebrain-hub/node_modules/@vitest/runner/dist/index.js:1056:17)\n    at processTicksAndRejections (node:internal/process/task_queues:95:5)\n    at runSuite (file:///C:/Users/gduff/casebrain-hub/node_modules/@vitest/runner/dist/index.js:1205:15)\n    at runSuite (file:///C:/Users/gduff/casebrain-hub/node_modules/@vitest/runner/dist/index.js:1205:15)\n    at runFiles (file:///C:/Users/gduff/casebrain-hub/node_modules/@vitest/runner/dist/index.js:1262:5)\n    at startTests (file:///C:/Users/gduff/casebrain-hub/node_modules/@vitest/runner/dist/index.js:1271:3)"],"meta":{}},{"ancestorTitles":["validateCourtName"],"fullName":"validateCourtName rejects values containing PROSECUTION BUNDLE","status":"failed","title":"rejects values containing PROSECUTION BUNDLE","duration":1.614500000000021,"failureMessages":["ReferenceError: validateCourtName is not defined\n    at C:\\Users\\gduff\\casebrain-hub\\lib\\criminal\\__tests__\\structured-extractor.test.ts:58:5\n    at file:///C:/Users/gduff/casebrain-hub/node_modules/@vitest/runner/dist/index.js:146:14\n    at file:///C:/Users/gduff/casebrain-hub/node_modules/@vitest/runner/dist/index.js:533:11\n    at runWithTimeout (file:///C:/Users/gduff/casebrain-hub/node_modules/@vitest/runner/dist/index.js:39:7)\n    at runTest (file:///C:/Users/gduff/casebrain-hub/node_modules/@vitest/runner/dist/index.js:1056:17)\n    at processTicksAndRejections (node:internal/process/task_queues:95:5)\n    at runSuite (file:///C:/Users/gduff/casebrain-hub/node_modules/@vitest/runner/dist/index.js:1205:15)\n    at runSuite (file:///C:/Users/gduff/casebrain-hub/node_modules/@vitest/runner/dist/index.js:1205:15)\n    at runFiles (file:///C:/Users/gduff/casebrain-hub/node_modules/@vitest/runner/dist/index.js:1262:5)\n    at startTests (file:///C:/Users/gduff/casebrain-hub/node_modules/@vitest/runner/dist/index.js:1271:3)"],"meta":{}},{"ancestorTitles":["validateCourtName"],"fullName":"validateCourtName accepts valid court names with court keywords","status":"failed","title":"accepts valid court names with court keywords","duration":0.8636999999999944,"failureMessages":["ReferenceError: validateCourtName is not defined\n    at C:\\Users\\gduff\\casebrain-hub\\lib\\criminal\\__tests__\\structured-extractor.test.ts:62:5\n    at file:///C:/Users/gduff/casebrain-hub/node_modules/@vitest/runner/dist/index.js:146:14\n    at file:///C:/Users/gduff/casebrain-hub/node_modules/@vitest/runner/dist/index.js:533:11\n    at runWithTimeout (file:///C:/Users/gduff/casebrain-hub/node_modules/@vitest/runner/dist/index.js:39:7)\n    at runTest (file:///C:/Users/gduff/casebrain-hub/node_modules/@vitest/runner/dist/index.js:1056:17)\n    at processTicksAndRejections (node:internal/process/task_queues:95:5)\n    at runSuite (file:///C:/Users/gduff/casebrain-hub/node_modules/@vitest/runner/dist/index.js:1205:15)\n    at runSuite (file:///C:/Users/gduff/casebrain-hub/node_modules/@vitest/runner/dist/index.js:1205:15)\n    at runFiles (file:///C:/Users/gduff/casebrain-hub/node_modules/@vitest/runner/dist/index.js:1262:5)\n    at startTests (file:///C:/Users/gduff/casebrain-hub/node_modules/@vitest/runner/dist/index.js:1271:3)"],"meta":{}},{"ancestorTitles":["validateCourtName"],"fullName":"validateCourtName rejects null, undefined, and empty strings","status":"failed","title":"rejects null, undefined, and empty strings","duration":2.9226999999999634,"failureMessages":["ReferenceError: validateCourtName is not defined\n    at C:\\Users\\gduff\\casebrain-hub\\lib\\criminal\\__tests__\\structured-extractor.test.ts:70:5\n    at file:///C:/Users/gduff/casebrain-hub/node_modules/@vitest/runner/dist/index.js:146:14\n    at file:///C:/Users/gduff/casebrain-hub/node_modules/@vitest/runner/dist/index.js:533:11\n    at runWithTimeout (file:///C:/Users/gduff/casebrain-hub/node_modules/@vitest/runner/dist/index.js:39:7)\n    at runTest (file:///C:/Users/gduff/casebrain-hub/node_modules/@vitest/runner/dist/index.js:1056:17)\n    at processTicksAndRejections (node:internal/process/task_queues:95:5)\n    at runSuite (file:///C:/Users/gduff/casebrain-hub/node_modules/@vitest/runner/dist/index.js:1205:15)\n    at runSuite (file:///C:/Users/gduff/casebrain-hub/node_modules/@vitest/runner/dist/index.js:1205:15)\n    at runFiles (file:///C:/Users/gduff/casebrain-hub/node_modules/@vitest/runner/dist/index.js:1262:5)\n    at startTests (file:///C:/Users/gduff/casebrain-hub/node_modules/@vitest/runner/dist/index.js:1271:3)"],"meta":{}},{"ancestorTitles":["validateCourtName"],"fullName":"validateCourtName rejects values without court keywords","status":"failed","title":"rejects values without court keywords","duration":1.1491000000000895,"failureMessages":["ReferenceError: validateCourtName is not defined\n    at C:\\Users\\gduff\\casebrain-hub\\lib\\criminal\\__tests__\\structured-extractor.test.ts:77:5\n    at file:///C:/Users/gduff/casebrain-hub/node_modules/@vitest/runner/dist/index.js:146:14\n    at file:///C:/Users/gduff/casebrain-hub/node_modules/@vitest/runner/dist/index.js:533:11\n    at runWithTimeout (file:///C:/Users/gduff/casebrain-hub/node_modules/@vitest/runner/dist/index.js:39:7)\n    at runTest (file:///C:/Users/gduff/casebrain-hub/node_modules/@vitest/runner/dist/index.js:1056:17)\n    at processTicksAndRejections (node:internal/process/task_queues:95:5)\n    at runSuite (file:///C:/Users/gduff/casebrain-hub/node_modules/@vitest/runner/dist/index.js:1205:15)\n    at runSuite (file:///C:/Users/gduff/casebrain-hub/node_modules/@vitest/runner/dist/index.js:1205:15)\n    at runFiles (file:///C:/Users/gduff/casebrain-hub/node_modules/@vitest/runner/dist/index.js:1262:5)\n    at startTests (file:///C:/Users/gduff/casebrain-hub/node_modules/@vitest/runner/dist/index.js:1271:3)"],"meta":{}},{"ancestorTitles":["validateCourtName"],"fullName":"validateCourtName handles edge cases","status":"failed","title":"handles edge cases","duration":1.200900000000047,"failureMessages":["ReferenceError: validateCourtName is not defined\n    at C:\\Users\\gduff\\casebrain-hub\\lib\\criminal\\__tests__\\structured-extractor.test.ts:83:5\n    at file:///C:/Users/gduff/casebrain-hub/node_modules/@vitest/runner/dist/index.js:146:14\n    at file:///C:/Users/gduff/casebrain-hub/node_modules/@vitest/runner/dist/index.js:533:11\n    at runWithTimeout (file:///C:/Users/gduff/casebrain-hub/node_modules/@vitest/runner/dist/index.js:39:7)\n    at runTest (file:///C:/Users/gduff/casebrain-hub/node_modules/@vitest/runner/dist/index.js:1056:17)\n    at processTicksAndRejections (node:internal/process/task_queues:95:5)\n    at runSuite (file:///C:/Users/gduff/casebrain-hub/node_modules/@vitest/runner/dist/index.js:1205:15)\n    at runSuite (file:///C:/Users/gduff/casebrain-hub/node_modules/@vitest/runner/dist/index.js:1205:15)\n    at runFiles (file:///C:/Users/gduff/casebrain-hub/node_modules/@vitest/runner/dist/index.js:1262:5)\n    at startTests (file:///C:/Users/gduff/casebrain-hub/node_modules/@vitest/runner/dist/index.js:1271:3)"],"meta":{}}],"startTime":1784657178046,"endTime":1784657178105.201,"status":"failed","message":"","name":"C:/Users/gduff/casebrain-hub/lib/criminal/__tests__/structured-extractor.test.ts"},{"assertionResults":[{"ancestorTitles":["Awaab's Law Monitor"],"fullName":"Awaab's Law Monitor should return 'none' risk for non-social landlord","status":"passed","title":"should return 'none' risk for non-social landlord","duration":4.578800000000001,"failureMessages":[],"meta":{}},{"ancestorTitles":["Awaab's Law Monitor"],"fullName":"Awaab's Law Monitor should calculate investigation deadline for social landlord","status":"failed","title":"should calculate investigation deadline for social landlord","duration":12.530199999999923,"failureMessages":["AssertionError: expected -918 to be greater than -365\n    at C:\\Users\\gduff\\casebrain-hub\\lib\\housing\\__tests__\\awaabs-monitor.test.ts:45:31\n    at file:///C:/Users/gduff/casebrain-hub/node_modules/@vitest/runner/dist/index.js:146:14\n    at file:///C:/Users/gduff/casebrain-hub/node_modules/@vitest/runner/dist/index.js:533:11\n    at runWithTimeout (file:///C:/Users/gduff/casebrain-hub/node_modules/@vitest/runner/dist/index.js:39:7)\n    at runTest (file:///C:/Users/gduff/casebrain-hub/node_modules/@vitest/runner/dist/index.js:1056:17)\n    at processTicksAndRejections (node:internal/process/task_queues:95:5)\n    at runSuite (file:///C:/Users/gduff/casebrain-hub/node_modules/@vitest/runner/dist/index.js:1205:15)\n    at runSuite (file:///C:/Users/gduff/casebrain-hub/node_modules/@vitest/runner/dist/index.js:1205:15)\n    at runFiles (file:///C:/Users/gduff/casebrain-hub/node_modules/@vitest/runner/dist/index.js:1262:5)\n    at startTests (file:///C:/Users/gduff/casebrain-hub/node_modules/@vitest/runner/dist/index.js:1271:3)"],"meta":{}},{"ancestorTitles":["Awaab's Law Monitor"],"fullName":"Awaab's Law Monitor should identify critical risk when deadline breached","status":"passed","title":"should identify critical risk when deadline breached","duration":2.070699999999988,"failureMessages":[],"meta":{}},{"ancestorTitles":["Awaab's Law Monitor"],"fullName":"Awaab's Law Monitor should identify risk category 1 for immediate breach","status":"passed","title":"should identify risk category 1 for immediate breach","duration":0.6421000000000276,"failureMessages":[],"meta":{}}],"startTime":1784657198127,"endTime":1784657198147.642,"status":"failed","message":"","name":"C:/Users/gduff/casebrain-hub/lib/housing/__tests__/awaabs-monitor.test.ts"},{"assertionResults":[{"ancestorTitles":["Bundle Checker"],"fullName":"Bundle Checker should detect missing surveyor report","status":"passed","title":"should detect missing surveyor report","duration":3.2480000000000473,"failureMessages":[],"meta":{}},{"ancestorTitles":["Bundle Checker"],"fullName":"Bundle Checker should detect surveyor report when present","status":"passed","title":"should detect surveyor report when present","duration":0.4052999999998974,"failureMessages":[],"meta":{}},{"ancestorTitles":["Bundle Checker"],"fullName":"Bundle Checker should identify critical severity for expired limitation","status":"passed","title":"should identify critical severity for expired limitation","duration":0.3009999999999309,"failureMessages":[],"meta":{}},{"ancestorTitles":["Bundle Checker"],"fullName":"Bundle Checker should calculate overall risk correctly","status":"passed","title":"should calculate overall risk correctly","duration":0.8894999999999982,"failureMessages":[],"meta":{}}],"startTime":1784657198515,"endTime":1784657198519.8894,"status":"passed","message":"","name":"C:/Users/gduff/casebrain-hub/lib/housing/__tests__/bundle-checker.test.ts"},{"assertionResults":[{"ancestorTitles":["Housing Compliance Checks","Awaab's Law"],"fullName":"Housing Compliance Checks Awaab's Law should pass when investigation occurs within 14 days","status":"passed","title":"should pass when investigation occurs within 14 days","duration":4.208999999999946,"failureMessages":[],"meta":{}},{"ancestorTitles":["Housing Compliance Checks","Awaab's Law"],"fullName":"Housing Compliance Checks Awaab's Law should fail when investigation exceeds 14 days","status":"passed","title":"should fail when investigation exceeds 14 days","duration":0.8421999999999343,"failureMessages":[],"meta":{}},{"ancestorTitles":["Housing Compliance Checks","Awaab's Law"],"fullName":"Housing Compliance Checks Awaab's Law should fail when investigation deadline has passed without investigation","status":"passed","title":"should fail when investigation deadline has passed without investigation","duration":0.968599999999924,"failureMessages":[],"meta":{}},{"ancestorTitles":["Housing Compliance Checks","Awaab's Law"],"fullName":"Housing Compliance Checks Awaab's Law should pass when work starts within 7 days of investigation","status":"passed","title":"should pass when work starts within 7 days of investigation","duration":0.8224999999999909,"failureMessages":[],"meta":{}},{"ancestorTitles":["Housing Compliance Checks","Awaab's Law"],"fullName":"Housing Compliance Checks Awaab's Law should not apply to private landlords","status":"passed","title":"should not apply to private landlords","duration":0.50649999999996,"failureMessages":[],"meta":{}},{"ancestorTitles":["Housing Compliance Checks","HHSRS Category 1"],"fullName":"Housing Compliance Checks HHSRS Category 1 should flag Category 1 hazards","status":"passed","title":"should flag Category 1 hazards","duration":1.0860000000000127,"failureMessages":[],"meta":{}},{"ancestorTitles":["Housing Compliance Checks","HHSRS Category 1"],"fullName":"Housing Compliance Checks HHSRS Category 1 should pass when no Category 1 hazards","status":"passed","title":"should pass when no Category 1 hazards","duration":0.5778999999999996,"failureMessages":[],"meta":{}},{"ancestorTitles":["Housing Compliance Checks","Section 11 LTA 1985"],"fullName":"Housing Compliance Checks Section 11 LTA 1985 should pass when repair completed within reasonable time (28 days)","status":"passed","title":"should pass when repair completed within reasonable time (28 days)","duration":0.9201999999999089,"failureMessages":[],"meta":{}},{"ancestorTitles":["Housing Compliance Checks","Section 11 LTA 1985"],"fullName":"Housing Compliance Checks Section 11 LTA 1985 should use 14-day reasonable time for vulnerable tenants","status":"passed","title":"should use 14-day reasonable time for vulnerable tenants","duration":0.6880999999999631,"failureMessages":[],"meta":{}},{"ancestorTitles":["Housing Compliance Checks","Section 11 LTA 1985"],"fullName":"Housing Compliance Checks Section 11 LTA 1985 should flag excessive no-access days","status":"passed","title":"should flag excessive no-access days","duration":0.6780999999999722,"failureMessages":[],"meta":{}},{"ancestorTitles":["Housing Compliance Checks","Section 11 LTA 1985"],"fullName":"Housing Compliance Checks Section 11 LTA 1985 should flag multiple failed repair attempts","status":"passed","title":"should flag multiple failed repair attempts","duration":4.636700000000019,"failureMessages":[],"meta":{}},{"ancestorTitles":["Housing Compliance Checks","Limitation Period"],"fullName":"Housing Compliance Checks Limitation Period should flag critical risk when less than 6 months remaining","status":"passed","title":"should flag critical risk when less than 6 months remaining","duration":1.2939999999999827,"failureMessages":[],"meta":{}},{"ancestorTitles":["Housing Compliance Checks","Limitation Period"],"fullName":"Housing Compliance Checks Limitation Period should flag expired limitation period","status":"passed","title":"should flag expired limitation period","duration":0.9529999999999745,"failureMessages":[],"meta":{}},{"ancestorTitles":["Housing Compliance Checks","Vulnerability Flags"],"fullName":"Housing Compliance Checks Vulnerability Flags should flag health risk for asthma with damp/mould","status":"passed","title":"should flag health risk for asthma with damp/mould","duration":0.9371000000001004,"failureMessages":[],"meta":{}},{"ancestorTitles":["Housing Compliance Checks","Vulnerability Flags"],"fullName":"Housing Compliance Checks Vulnerability Flags should flag enhanced duty for vulnerable tenants","status":"passed","title":"should flag enhanced duty for vulnerable tenants","duration":0.6154000000000224,"failureMessages":[],"meta":{}},{"ancestorTitles":["Housing Compliance Checks","Vulnerability Flags"],"fullName":"Housing Compliance Checks Vulnerability Flags should flag critical for unfit habitation","status":"passed","title":"should flag critical for unfit habitation","duration":0.5593000000000075,"failureMessages":[],"meta":{}},{"ancestorTitles":["Housing Compliance Checks","No Access Flags"],"fullName":"Housing Compliance Checks No Access Flags should flag excessive no-access days","status":"passed","title":"should flag excessive no-access days","duration":0.8145000000000664,"failureMessages":[],"meta":{}},{"ancestorTitles":["Housing Compliance Checks","No Access Flags"],"fullName":"Housing Compliance Checks No Access Flags should flag frequent no-access claims","status":"passed","title":"should flag frequent no-access claims","duration":0.5872999999999138,"failureMessages":[],"meta":{}},{"ancestorTitles":["Housing Compliance Checks","No Access Flags"],"fullName":"Housing Compliance Checks No Access Flags should flag pattern when >50% of time is no-access","status":"passed","title":"should flag pattern when >50% of time is no-access","duration":0.5806999999999789,"failureMessages":[],"meta":{}},{"ancestorTitles":["Housing Compliance Checks","Comprehensive Compliance Check"],"fullName":"Housing Compliance Checks Comprehensive Compliance Check should run all checks for social landlord with vulnerable tenant","status":"passed","title":"should run all checks for social landlord with vulnerable tenant","duration":1.2825000000000273,"failureMessages":[],"meta":{}},{"ancestorTitles":["Housing Compliance Checks","Comprehensive Compliance Check"],"fullName":"Housing Compliance Checks Comprehensive Compliance Check should not run Awaab's Law for private landlords","status":"passed","title":"should not run Awaab's Law for private landlords","duration":0.4673999999999978,"failureMessages":[],"meta":{}}],"startTime":1784657158460,"endTime":1784657158487.4673,"status":"passed","message":"","name":"C:/Users/gduff/casebrain-hub/lib/housing/__tests__/compliance.test.ts"},{"assertionResults":[{"ancestorTitles":["Housing Stage Assessment","Stage Assessment"],"fullName":"Housing Stage Assessment Stage Assessment should assess as 'intake' for new case","status":"passed","title":"should assess as 'intake' for new case","duration":6.03690000000006,"failureMessages":[],"meta":{}},{"ancestorTitles":["Housing Stage Assessment","Stage Assessment"],"fullName":"Housing Stage Assessment Stage Assessment should assess as 'investigation' when repair attempts exist","status":"passed","title":"should assess as 'investigation' when repair attempts exist","duration":1.1019000000000005,"failureMessages":[],"meta":{}},{"ancestorTitles":["Housing Stage Assessment","Stage Assessment"],"fullName":"Housing Stage Assessment Stage Assessment should assess as 'investigation' when landlord has responded","status":"passed","title":"should assess as 'investigation' when landlord has responded","duration":0.8500999999999976,"failureMessages":[],"meta":{}},{"ancestorTitles":["Housing Stage Assessment","Stage Assessment"],"fullName":"Housing Stage Assessment Stage Assessment should assess as 'pre_action' when pre-action letter sent","status":"passed","title":"should assess as 'pre_action' when pre-action letter sent","duration":0.792699999999968,"failureMessages":[],"meta":{}},{"ancestorTitles":["Housing Stage Assessment","Stage Assessment"],"fullName":"Housing Stage Assessment Stage Assessment should assess as 'litigation' when court action commenced","status":"passed","title":"should assess as 'litigation' when court action commenced","duration":0.7153999999999314,"failureMessages":[],"meta":{}},{"ancestorTitles":["Housing Stage Assessment","Stage Assessment"],"fullName":"Housing Stage Assessment Stage Assessment should assess as 'settlement' when settlement reached","status":"passed","title":"should assess as 'settlement' when settlement reached","duration":0.7125999999999522,"failureMessages":[],"meta":{}},{"ancestorTitles":["Housing Stage Assessment","Stage Assessment"],"fullName":"Housing Stage Assessment Stage Assessment should assess as 'investigation' when >14 days since first report","status":"passed","title":"should assess as 'investigation' when >14 days since first report","duration":2.2531999999999925,"failureMessages":[],"meta":{}},{"ancestorTitles":["Housing Stage Assessment","Recommended Actions"],"fullName":"Housing Stage Assessment Recommended Actions should recommend repair request for intake stage","status":"passed","title":"should recommend repair request for intake stage","duration":1.0019999999999527,"failureMessages":[],"meta":{}},{"ancestorTitles":["Housing Stage Assessment","Recommended Actions"],"fullName":"Housing Stage Assessment Recommended Actions should recommend Awaab's Law monitoring for social landlords in intake","status":"passed","title":"should recommend Awaab's Law monitoring for social landlords in intake","duration":0.593900000000076,"failureMessages":[],"meta":{}},{"ancestorTitles":["Housing Stage Assessment","Recommended Actions"],"fullName":"Housing Stage Assessment Recommended Actions should recommend urgent action for Category 1 hazards","status":"passed","title":"should recommend urgent action for Category 1 hazards","duration":0.7187999999999874,"failureMessages":[],"meta":{}},{"ancestorTitles":["Housing Stage Assessment","Recommended Actions"],"fullName":"Housing Stage Assessment Recommended Actions should recommend no-access investigation for investigation stage","status":"passed","title":"should recommend no-access investigation for investigation stage","duration":0.6165999999999485,"failureMessages":[],"meta":{}},{"ancestorTitles":["Housing Stage Assessment","Recommended Actions"],"fullName":"Housing Stage Assessment Recommended Actions should recommend pre-action letter for pre_action stage","status":"passed","title":"should recommend pre-action letter for pre_action stage","duration":0.5452999999999975,"failureMessages":[],"meta":{}},{"ancestorTitles":["Housing Stage Assessment","Recommended Actions"],"fullName":"Housing Stage Assessment Recommended Actions should recommend disclosure for litigation stage","status":"passed","title":"should recommend disclosure for litigation stage","duration":0.841199999999958,"failureMessages":[],"meta":{}},{"ancestorTitles":["Housing Stage Assessment","Recommended Actions"],"fullName":"Housing Stage Assessment Recommended Actions should recommend urgent limitation action when risk is critical","status":"passed","title":"should recommend urgent limitation action when risk is critical","duration":60.13889999999992,"failureMessages":[],"meta":{}}],"startTime":1784657160349,"endTime":1784657160427.139,"status":"passed","message":"","name":"C:/Users/gduff/casebrain-hub/lib/housing/__tests__/stage.test.ts"},{"assertionResults":[{"ancestorTitles":["Supervision Pack Generator"],"fullName":"Supervision Pack Generator should include all required sections","status":"passed","title":"should include all required sections","duration":4.38330000000002,"failureMessages":[],"meta":{}},{"ancestorTitles":["Supervision Pack Generator"],"fullName":"Supervision Pack Generator should format markdown correctly","status":"passed","title":"should format markdown correctly","duration":0.9433999999999969,"failureMessages":[],"meta":{}},{"ancestorTitles":["Supervision Pack Generator"],"fullName":"Supervision Pack Generator should prioritize risk alerts by severity","status":"passed","title":"should prioritize risk alerts by severity","duration":1.1345000000000027,"failureMessages":[],"meta":{}},{"ancestorTitles":["Supervision Pack Generator"],"fullName":"Supervision Pack Generator should include disclaimer in all outputs","status":"failed","title":"should include disclaimer in all outputs","duration":16.790400000000034,"failureMessages":["AssertionError: expected 'This supervision pack is generated fr…' to contain 'not legal advice'\n    at C:\\Users\\gduff\\casebrain-hub\\lib\\housing\\__tests__\\supervision-pack.test.ts:74:24\n    at file:///C:/Users/gduff/casebrain-hub/node_modules/@vitest/runner/dist/index.js:146:14\n    at file:///C:/Users/gduff/casebrain-hub/node_modules/@vitest/runner/dist/index.js:533:11\n    at runWithTimeout (file:///C:/Users/gduff/casebrain-hub/node_modules/@vitest/runner/dist/index.js:39:7)\n    at runTest (file:///C:/Users/gduff/casebrain-hub/node_modules/@vitest/runner/dist/index.js:1056:17)\n    at processTicksAndRejections (node:internal/process/task_queues:95:5)\n    at runSuite (file:///C:/Users/gduff/casebrain-hub/node_modules/@vitest/runner/dist/index.js:1205:15)\n    at runSuite (file:///C:/Users/gduff/casebrain-hub/node_modules/@vitest/runner/dist/index.js:1205:15)\n    at runFiles (file:///C:/Users/gduff/casebrain-hub/node_modules/@vitest/runner/dist/index.js:1262:5)\n    at startTests (file:///C:/Users/gduff/casebrain-hub/node_modules/@vitest/runner/dist/index.js:1271:3)"],"meta":{}}],"startTime":1784657199085,"endTime":1784657199108.7903,"status":"failed","message":"","name":"C:/Users/gduff/casebrain-hub/lib/housing/__tests__/supervision-pack.test.ts"},{"assertionResults":[{"ancestorTitles":["Layered Summary System"],"fullName":"Layered Summary System selectDefaultRole uses query param > practice area > fallback","status":"passed","title":"selectDefaultRole uses query param > practice area > fallback","duration":3.87379999999996,"failureMessages":[],"meta":{}},{"ancestorTitles":["Layered Summary System"],"fullName":"Layered Summary System buildDomainSummaries is stable and only emits triggered domains","status":"passed","title":"buildDomainSummaries is stable and only emits triggered domains","duration":151.5797,"failureMessages":[],"meta":{}},{"ancestorTitles":["Layered Summary System"],"fullName":"Layered Summary System buildLayeredSummary calls domain extraction once (role lenses derive from domain outputs)","status":"passed","title":"buildLayeredSummary calls domain extraction once (role lenses derive from domain outputs)","duration":126.65499999999997,"failureMessages":[],"meta":{}}],"startTime":1784657169996,"endTime":1784657170278.655,"status":"passed","message":"","name":"C:/Users/gduff/casebrain-hub/lib/layered-summary/__tests__/layered-summary.test.ts"},{"assertionResults":[{"ancestorTitles":["Criminal safety: practice area + sanitization"],"fullName":"Criminal safety: practice area + sanitization forces criminal when criminal signals exist even if stored practice_area is other","status":"passed","title":"forces criminal when criminal signals exist even if stored practice_area is other","duration":9.4255,"failureMessages":[],"meta":{}},{"ancestorTitles":["Criminal safety: practice area + sanitization"],"fullName":"Criminal safety: practice area + sanitization does not strip criminal evidence items just because category is LIABILITY","status":"passed","title":"does not strip criminal evidence items just because category is LIABILITY","duration":2.236099999999965,"failureMessages":[],"meta":{}},{"ancestorTitles":["Criminal safety: practice area + sanitization"],"fullName":"Criminal safety: practice area + sanitization sanitizes civil-only strategic text for criminal","status":"passed","title":"sanitizes civil-only strategic text for criminal","duration":0.8704000000000178,"failureMessages":[],"meta":{}}],"startTime":1784657205083,"endTime":1784657205095.8704,"status":"passed","message":"","name":"C:/Users/gduff/casebrain-hub/lib/strategic/__tests__/criminal-safety.test.ts"},{"assertionResults":[{"ancestorTitles":["Criminal — Violent Offences Beast Mode"],"fullName":"Criminal — Violent Offences Beast Mode detects knife/stabbing signals as soft charge candidates and procedural signals","status":"passed","title":"detects knife/stabbing signals as soft charge candidates and procedural signals","duration":6.033199999999852,"failureMessages":[],"meta":{}},{"ancestorTitles":["Criminal — Violent Offences Beast Mode"],"fullName":"Criminal — Violent Offences Beast Mode detects non-fatal strangulation and domestic context as soft signals","status":"passed","title":"detects non-fatal strangulation and domestic context as soft signals","duration":1.394399999999905,"failureMessages":[],"meta":{}},{"ancestorTitles":["Criminal — Violent Offences Beast Mode"],"fullName":"Criminal — Violent Offences Beast Mode selects offence-aware evidence profiles for knife violence","status":"passed","title":"selects offence-aware evidence profiles for knife violence","duration":1.9902999999999338,"failureMessages":[],"meta":{}},{"ancestorTitles":["Criminal — Violent Offences Beast Mode"],"fullName":"Criminal — Violent Offences Beast Mode builds criminal Beast Mode output with completeness + advanced safety gates","status":"passed","title":"builds criminal Beast Mode output with completeness + advanced safety gates","duration":7.253300000000081,"failureMessages":[],"meta":{}}],"startTime":1784657176770,"endTime":1784657176787.2534,"status":"passed","message":"","name":"C:/Users/gduff/casebrain-hub/lib/packs/criminal/__tests__/violent-offences-beastmode.test.ts"}]}